<?xml version="1.0" encoding="UTF-8"?>
<!-- Generated by org.testng.reporters.JUnitReportReporter -->
<testsuite skipped="0" hostname="Home-PC" name="com.nopcommerce.testCases.Tc_001_login" tests="2" failures="0" timestamp="28 Aug 2019 16:57:55 GMT" time="6.235" errors="0">
  <testcase name="login" time="3.152" classname="com.nopcommerce.testCases.Tc_001_login"/>
  <testcase name="login" time="3.083" classname="com.nopcommerce.testCases.Tc_001_login"/>
</testsuite> <!-- com.nopcommerce.testCases.Tc_001_login -->
