<?xml version="1.0" encoding="UTF-8"?>
<!-- Generated by org.testng.reporters.JUnitReportReporter -->
<testsuite skipped="0" hostname="Home-PC" name="com.nopcommerce.testCases.Tc_001_login" tests="2" failures="0" timestamp="29 Aug 2019 16:49:50 GMT" time="9.101" errors="0">
  <testcase name="login" time="3.670" classname="com.nopcommerce.testCases.Tc_001_login"/>
  <testcase name="login" time="5.431" classname="com.nopcommerce.testCases.Tc_001_login"/>
</testsuite> <!-- com.nopcommerce.testCases.Tc_001_login -->
